Log file open, 08/20/18 22:21:21
LogWindows: Failed to load 'aqProf.dll' (GetLastError=126)
LogWindows: File 'aqProf.dll' does not exist
LogWindows: Failed to load 'VtuneApi.dll' (GetLastError=126)
LogWindows: File 'VtuneApi.dll' does not exist
LogWindows: Failed to load 'VtuneApi32e.dll' (GetLastError=126)
LogWindows: File 'VtuneApi32e.dll' does not exist
LogInit: Display: Running engine for game: ColiseumChaos
LogPlatformFile: Not using cached read wrapper
LogTaskGraph: Started task graph with 5 named threads and 23 total threads with 3 sets of task threads.
LogStats: Stats thread started at 0.294809
LogD3D11RHI: Loaded GFSDK_Aftermath_Lib.x64.dll
LogICUInternationalization: Display: ICU TimeZone Detection - Raw Offset: -5:00, Platform Override: ''
LogPluginManager: Mounting plugin Paper2D
LogPluginManager: Mounting plugin AISupport
LogPluginManager: Mounting plugin LightPropagationVolume
LogPluginManager: Mounting plugin CLionSourceCodeAccess
LogPluginManager: Mounting plugin CodeLiteSourceCodeAccess
LogPluginManager: Mounting plugin GitSourceControl
LogPluginManager: Mounting plugin KDevelopSourceCodeAccess
LogPluginManager: Mounting plugin NullSourceCodeAccess
LogPluginManager: Mounting plugin PerforceSourceControl
LogPluginManager: Mounting plugin SubversionSourceControl
LogPluginManager: Mounting plugin UObjectPlugin
LogPluginManager: Mounting plugin VisualStudioCodeSourceCodeAccess
LogPluginManager: Mounting plugin VisualStudioSourceCodeAccess
LogPluginManager: Mounting plugin XCodeSourceCodeAccess
LogPluginManager: Mounting plugin AssetManagerEditor
LogPluginManager: Mounting plugin CryptoKeys
LogPluginManager: Mounting plugin DataValidation
LogPluginManager: Mounting plugin FacialAnimation
LogPluginManager: Mounting plugin GameplayTagsEditor
LogPluginManager: Mounting plugin MacGraphicsSwitching
LogPluginManager: Mounting plugin MeshEditor
LogPluginManager: Mounting plugin MobileLauncherProfileWizard
LogPluginManager: Mounting plugin PluginBrowser
LogPluginManager: Mounting plugin SpeedTreeImporter
LogPluginManager: Mounting plugin DatasmithContent
LogPluginManager: Mounting plugin AlembicImporter
LogPluginManager: Mounting plugin AppleImageUtils
LogPluginManager: Mounting plugin AppleVision
LogPluginManager: Mounting plugin BackChannel
LogPluginManager: Mounting plugin CharacterAI
LogPluginManager: Mounting plugin GeometryCache
LogPluginManager: Mounting plugin HTML5Networking
LogPluginManager: Mounting plugin ProxyLODPlugin
LogPluginManager: Mounting plugin MagicLeap
LogPluginManager: Mounting plugin MagicLeapEmulator
LogPluginManager: Mounting plugin MagicLeapMedia
LogPluginManager: Mounting plugin AndroidMedia
LogPluginManager: Mounting plugin AvfMedia
LogPluginManager: Mounting plugin ImgMedia
LogPluginManager: Mounting plugin LinearTimecode
LogPluginManager: Mounting plugin MediaCompositing
LogPluginManager: Mounting plugin MediaPlayerEditor
LogPluginManager: Mounting plugin WmfMedia
LogPluginManager: Mounting plugin TcpMessaging
LogPluginManager: Mounting plugin UdpMessaging
LogPluginManager: Mounting plugin ActorSequence
LogPluginManager: Mounting plugin LevelSequenceEditor
LogPluginManager: Mounting plugin MatineeToLevelSequence
LogPluginManager: Mounting plugin NetcodeUnitTest
LogPluginManager: Mounting plugin NUTUnrealEngine4
LogPluginManager: Mounting plugin OnlineSubsystemGooglePlay
LogPluginManager: Mounting plugin OnlineSubsystemIOS
LogPluginManager: Mounting plugin OnlineSubsystem
LogPluginManager: Mounting plugin OnlineSubsystemNull
LogPluginManager: Mounting plugin OnlineSubsystemSteam
LogPluginManager: Mounting plugin OnlineSubsystemUtils
LogPluginManager: Mounting plugin LauncherChunkInstaller
LogPluginManager: Mounting plugin AndroidDeviceProfileSelector
LogPluginManager: Mounting plugin AndroidMoviePlayer
LogPluginManager: Mounting plugin AndroidPermission
LogPluginManager: Mounting plugin AppleMoviePlayer
LogPluginManager: Mounting plugin ArchVisCharacter
LogPluginManager: Mounting plugin AudioCapture
LogPluginManager: Mounting plugin CableComponent
LogPluginManager: Mounting plugin CustomMeshComponent
LogPluginManager: Mounting plugin EditableMesh
LogPluginManager: Mounting plugin ExampleDeviceProfileSelector
LogPluginManager: Mounting plugin GoogleCloudMessaging
LogPluginManager: Mounting plugin ImmediatePhysics
LogPluginManager: Mounting plugin IOSDeviceProfileSelector
LogPluginManager: Mounting plugin LinuxDeviceProfileSelector
LogPluginManager: Mounting plugin LocationServicesBPLibrary
LogPluginManager: Mounting plugin MobilePatchingUtils
LogPluginManager: Mounting plugin OculusVR
LogPluginManager: Plugin shader directory ../../../Engine/Plugins/Runtime/Oculus/OculusVR/Shaders found
LogPluginManager: Mapping shader source directory ../../../Engine/Plugins/Runtime/Oculus/OculusVR/Shaders to virtual directory /Plugin/OculusVR
LogPluginManager: Mounting plugin PhysXVehicles
LogPluginManager: Mounting plugin ProceduralMeshComponent
LogPluginManager: Mounting plugin RuntimePhysXCooking
LogPluginManager: Mounting plugin SteamAudio
LogPluginManager: Mounting plugin SteamController
LogPluginManager: Mounting plugin SteamVR
LogPluginManager: Mounting plugin WindowsMoviePlayer
LogStreaming: Display: Took  0.129s to configure plugins.
LogInit: Using libcurl 7.55.1-DEV
LogInit:  - built for x86_64-pc-win32
LogInit:  - supports SSL with OpenSSL/1.0.2h
LogInit:  - supports HTTP deflate (compression) using libz 1.2.8
LogInit:  - other features:
LogInit:      CURL_VERSION_SSL
LogInit:      CURL_VERSION_LIBZ
LogInit:      CURL_VERSION_IPV6
LogInit:      CURL_VERSION_ASYNCHDNS
LogInit:      CURL_VERSION_LARGEFILE
LogInit:      CURL_VERSION_IDN
LogInit:  CurlRequestOptions (configurable via config and command line):
LogInit:  - bVerifyPeer = false  - Libcurl will NOT verify peer certificate
LogInit:  - bUseHttpProxy = false  - Libcurl will NOT use HTTP proxy
LogInit:  - bDontReuseConnections = false  - Libcurl will reuse connections
LogInit:  - CertBundlePath = nullptr  - Libcurl will use whatever was configured at build time.
LogInit:  - MaxHostConnections = 16  - Libcurl will limit the number of connections to a host
LogInit:  - LocalHostAddr = Default
LogInit:  - BufferSize = 65536
LogOnline: Display: STEAM: Loading Steam SDK 1.39
LogOnline: Warning: STEAM: Steam API disabled!
LogOnline: Display: STEAM: OnlineSubsystemSteam::Shutdown()
LogInit: WinSock: version 1.1 (2.2), MaxSocks=32767, MaxUdp=65467
LogInit: Build: ++UE4+Release-4.20-CL-4233996
LogInit: Engine Version: 4.20.1-4233996+++UE4+Release-4.20
LogInit: Compatible Engine Version: 4.20.0-4212847+++UE4+Release-4.20
LogInit: Net CL: 4212847
LogInit: OS: Windows 10 (), CPU: Intel(R) Core(TM) i7-7700HQ CPU @ 2.80GHz, GPU: Intel(R) HD Graphics 630
LogInit: Compiled (64-bit): Jul 26 2018 10:07:30
LogInit: Compiled with Visual C++: 19.13.26129.00
LogInit: Build Configuration: Development
LogInit: Branch Name: ++UE4+Release-4.20
LogInit: Command Line: 
LogInit: Base Directory: D:/Epic Games/Fortnite/UE_4.20/Engine/Binaries/Win64/
LogInit: Installed Engine Build: 1
LogDevObjectVersion: Number of dev versions registered: 20
LogDevObjectVersion:   Dev-Blueprints (B0D832E4-1F89-4F0D-ACCF-7EB736FD4AA2): 10
LogDevObjectVersion:   Dev-Build (E1C64328-A22C-4D53-A36C-8E866417BD8C): 0
LogDevObjectVersion:   Dev-Core (375EC13C-06E4-48FB-B500-84F0262A717E): 2
LogDevObjectVersion:   Dev-Editor (E4B068ED-F494-42E9-A231-DA0B2E46BB41): 24
LogDevObjectVersion:   Dev-Framework (CFFC743F-43B0-4480-9391-14DF171D2073): 34
LogDevObjectVersion:   Dev-Mobile (B02B49B5-BB20-44E9-A304-32B752E40360): 2
LogDevObjectVersion:   Dev-Networking (A4E4105C-59A1-49B5-A7C5-40C4547EDFEE): 0
LogDevObjectVersion:   Dev-Online (39C831C9-5AE6-47DC-9A44-9C173E1C8E7C): 0
LogDevObjectVersion:   Dev-Physics (78F01B33-EBEA-4F98-B9B4-84EACCB95AA2): 0
LogDevObjectVersion:   Dev-Platform (6631380F-2D4D-43E0-8009-CF276956A95A): 0
LogDevObjectVersion:   Dev-Rendering (12F88B9F-8875-4AFC-A67C-D90C383ABD29): 26
LogDevObjectVersion:   Dev-Sequencer (7B5AE74C-D270-4C10-A958-57980B212A5A): 9
LogDevObjectVersion:   Dev-VR (D7296918-1DD6-4BDD-9DE2-64A83CC13884): 2
LogDevObjectVersion:   Dev-LoadTimes (C2A15278-BFE7-4AFE-6C17-90FF531DF755): 1
LogDevObjectVersion:   Private-Geometry (6EACA3D4-40EC-4CC1-B786-8BED09428FC5): 3
LogDevObjectVersion:   Dev-AnimPhys (29E575DD-E0A3-4627-9D10-D276232CDCEA): 17
LogDevObjectVersion:   Dev-ReflectionCapture (6B266CEC-1EC7-4B8F-A30B-E4D90942FC07): 1
LogDevObjectVersion:   Dev-Automation (0DF73D61-A23F-47EA-B727-89E90C41499A): 1
LogDevObjectVersion:   FortniteMain (601D1886-AC64-4F84-AA16-D3DE0DEAC7D6): 12
LogDevObjectVersion:   Dev-Enterprise (9DFFBCD6-494F-0158-E221-12823C92A888): 1
LogStreaming: Display: Took  0.002s to delete old logs.
LogInit: Presizing for max 8388607 objects, including 0 objects not considered by GC, pre-allocating 0 bytes for permanent pool.
LogInit: Object subsystem initialized
[2018.08.21-02.21.21:534][  0]LogInit: Selected Device Profile: [Windows]
[2018.08.21-02.21.21:534][  0]LogInit: Applying CVar settings loaded from the selected device profile: [Windows]
[2018.08.21-02.21.21:552][  0]LogHAL: Display: Platform has ~ 16 GB [17095811072 / 17179869184 / 16], which maps to Larger [LargestMinGB=32, LargerMinGB=12, DefaultMinGB=8, SmallerMinGB=6, SmallestMinGB=0)
[2018.08.21-02.21.21:552][  0]LogInit: Setting Device Profile CVar: [[r.Vulkan.UseRealUBs:1]]
[2018.08.21-02.21.21:552][  0]LogInit: Going up to parent DeviceProfile []
[2018.08.21-02.21.21:552][  0]LogInit: Computer: MSI
[2018.08.21-02.21.21:553][  0]LogInit: User: ender
[2018.08.21-02.21.21:553][  0]LogInit: CPU Page size=4096, Cores=4
[2018.08.21-02.21.21:553][  0]LogInit: High frequency timer resolution =2.742188 MHz
[2018.08.21-02.21.21:553][  0]LogMemory: Memory total: Physical=15.9GB (16GB approx)
[2018.08.21-02.21.21:553][  0]LogMemory: Platform Memory Stats for Windows
[2018.08.21-02.21.21:553][  0]LogMemory: Process Physical Memory: 102.24 MB used, 102.24 MB peak
[2018.08.21-02.21.21:553][  0]LogMemory: Process Virtual Memory: 89.57 MB used, 89.57 MB peak
[2018.08.21-02.21.21:553][  0]LogMemory: Physical Memory: 7944.77 MB used,  8359.07 MB free, 16303.84 MB total
[2018.08.21-02.21.21:553][  0]LogMemory: Virtual Memory: 4644.95 MB used,  8359.07 MB free, 134217728.00 MB total
[2018.08.21-02.21.21:956][  0]LogInit: Using OS detected language (en-US).
[2018.08.21-02.21.21:956][  0]LogInit: Using OS detected locale (en-US).
[2018.08.21-02.21.21:957][  0]LogTextLocalizationManager: No specific localization for 'en-US' exists, so the 'en' localization will be used.
[2018.08.21-02.21.22:434][  0]LogStreaming: Display: Took  0.478s to InitEngineTextLocalization.
[2018.08.21-02.21.22:469][  0]LogSlate: New Slate User Created.  User Index 0, Is Virtual User: 0
[2018.08.21-02.21.22:469][  0]LogSlate: Slate User Registered.  User Index 0, Is Virtual User: 0
[2018.08.21-02.21.22:667][  0]LogHMD: Failed to initialize OpenVR with code 110
[2018.08.21-02.21.22:667][  0]LogD3D11RHI: D3D11 adapters:
[2018.08.21-02.21.22:727][  0]LogD3D11RHI:    0. 'NVIDIA GeForce GTX 1050' (Feature Level 11_0)
[2018.08.21-02.21.22:727][  0]LogD3D11RHI:       1979/0/8151 MB DedicatedVideo/DedicatedSystem/SharedSystem, Outputs:1, VendorId:0x10de
[2018.08.21-02.21.22:739][  0]LogD3D11RHI:    1. 'Intel(R) HD Graphics 630' (Feature Level 11_0)
[2018.08.21-02.21.22:739][  0]LogD3D11RHI:       128/0/8151 MB DedicatedVideo/DedicatedSystem/SharedSystem, Outputs:0, VendorId:0x8086
[2018.08.21-02.21.22:740][  0]LogD3D11RHI:    2. 'Microsoft Basic Render Driver' (Feature Level 11_0)
[2018.08.21-02.21.22:740][  0]LogD3D11RHI:       0/0/8151 MB DedicatedVideo/DedicatedSystem/SharedSystem, Outputs:0, VendorId:0x1414
[2018.08.21-02.21.22:740][  0]LogD3D11RHI: Chosen D3D11 Adapter: 0
[2018.08.21-02.21.22:759][  0]LogD3D11RHI: Creating new Direct3DDevice
[2018.08.21-02.21.22:759][  0]LogD3D11RHI:     GPU DeviceId: 0x1c8d (for the marketing name, search the web for "GPU Device Id")
[2018.08.21-02.21.22:759][  0]LogWindows: EnumDisplayDevices:
[2018.08.21-02.21.22:759][  0]LogWindows:    0. 'Intel(R) HD Graphics 630' (P:1 D:1)
[2018.08.21-02.21.22:760][  0]LogWindows:    1. 'Intel(R) HD Graphics 630' (P:0 D:0)
[2018.08.21-02.21.22:760][  0]LogWindows:    2. 'Intel(R) HD Graphics 630' (P:0 D:0)
[2018.08.21-02.21.22:760][  0]LogWindows: DebugString: PrimaryIsNotTheChoosenAdapter PrimaryIsNotTheChoosenAdapter PrimaryIsNotTheChoosenAdapter FoundDriverCount:0 
[2018.08.21-02.21.22:760][  0]LogD3D11RHI:     Adapter Name: NVIDIA GeForce GTX 1050
[2018.08.21-02.21.22:760][  0]LogD3D11RHI:   Driver Version: Unknown (internal:Unknown, unified:Unknown)
[2018.08.21-02.21.22:760][  0]LogD3D11RHI:      Driver Date: Unknown
[2018.08.21-02.21.22:760][  0]LogRHI: Texture pool is 1385 MB (70% of 1979 MB)
[2018.08.21-02.21.22:815][  0]LogD3D11RHI: Async texture creation enabled
[2018.08.21-02.21.22:836][  0]LogD3D11RHI: GPU Timing Frequency: 1000.000000 (Debug: 2 2)
[2018.08.21-02.21.22:837][  0]LogShaderCompilers: Guid format shader working directory is 3 characters bigger than the processId version (C:/Users/ender/Desktop/ColiseumChaos-master/Intermediate/Shaders/WorkingDirectory/2932/).
[2018.08.21-02.21.22:837][  0]LogShaderCompilers: Cleaned the shader compiler working directory 'C:/Users/ender/AppData/Local/Temp/UnrealShaderWorkingDir/4A6B0E1A4685A3578C83E7AB35514D62/'.
[2018.08.21-02.21.23:147][  0]LogTemp: Display: Loaded TP AllDesktopTargetPlatform
[2018.08.21-02.21.23:162][  0]LogTemp: Display: Loaded TP MacClientTargetPlatform
[2018.08.21-02.21.23:175][  0]LogTemp: Display: Loaded TP MacNoEditorTargetPlatform
[2018.08.21-02.21.23:188][  0]LogTemp: Display: Loaded TP MacServerTargetPlatform
[2018.08.21-02.21.23:202][  0]LogTemp: Display: Loaded TP MacTargetPlatform
[2018.08.21-02.21.23:215][  0]LogTemp: Display: Loaded TP WindowsClientTargetPlatform
[2018.08.21-02.21.23:232][  0]LogTemp: Display: Loaded TP WindowsNoEditorTargetPlatform
[2018.08.21-02.21.23:244][  0]LogTemp: Display: Loaded TP WindowsServerTargetPlatform
[2018.08.21-02.21.23:250][  0]LogTemp: Display: Loaded TP WindowsTargetPlatform
[2018.08.21-02.21.23:339][  0]LogTemp: Display: Loaded TP AndroidTargetPlatform
[2018.08.21-02.21.23:339][  0]LogTemp: Display: Loaded TP AndroidTargetPlatform
[2018.08.21-02.21.23:339][  0]LogTemp: Display: Loaded TP AndroidTargetPlatform
[2018.08.21-02.21.23:339][  0]LogTemp: Display: Loaded TP AndroidTargetPlatform
[2018.08.21-02.21.23:339][  0]LogTemp: Display: Loaded TP AndroidTargetPlatform
[2018.08.21-02.21.23:339][  0]LogTemp: Display: Loaded TP AndroidTargetPlatform
[2018.08.21-02.21.23:339][  0]LogTemp: Display: Loaded TP AndroidTargetPlatform
[2018.08.21-02.21.23:339][  0]LogTemp: Display: Loaded TP AndroidTargetPlatform
[2018.08.21-02.21.23:339][  0]LogTemp: Display: Loaded TP AndroidTargetPlatform
[2018.08.21-02.21.23:339][  0]LogTemp: Display: Loaded TP AndroidTargetPlatform
[2018.08.21-02.21.23:339][  0]LogTemp: Display: Loaded TP AndroidTargetPlatform
[2018.08.21-02.21.23:339][  0]LogTemp: Display: Loaded TP AndroidTargetPlatform
[2018.08.21-02.21.23:339][  0]LogTemp: Display: Loaded TP AndroidTargetPlatform
[2018.08.21-02.21.23:339][  0]LogTemp: Display: Loaded TP AndroidTargetPlatform
[2018.08.21-02.21.23:339][  0]LogTemp: Display: Loaded TP AndroidTargetPlatform
[2018.08.21-02.21.23:339][  0]LogTemp: Display: Loaded TP AndroidTargetPlatform
[2018.08.21-02.21.23:339][  0]LogTemp: Display: Loaded TP AndroidTargetPlatform
[2018.08.21-02.21.23:339][  0]LogTemp: Display: Loaded TP AndroidTargetPlatform
[2018.08.21-02.21.23:340][  0]LogTemp: Display: Loaded TP HTML5TargetPlatform
[2018.08.21-02.21.23:401][  0]LogTemp: Display: Loaded TP IOSTargetPlatform
[2018.08.21-02.21.23:401][  0]LogTemp: Display: Loaded TP IOSTargetPlatform
[2018.08.21-02.21.23:427][  0]LogTemp: Display: Loaded TP TVOSTargetPlatform
[2018.08.21-02.21.23:427][  0]LogTemp: Display: Loaded TP TVOSTargetPlatform
[2018.08.21-02.21.23:442][  0]LogTemp: Display: Loaded TP LinuxClientTargetPlatform
[2018.08.21-02.21.23:458][  0]LogTemp: Display: Loaded TP LinuxNoEditorTargetPlatform
[2018.08.21-02.21.23:472][  0]LogTemp: Display: Loaded TP LinuxServerTargetPlatform
[2018.08.21-02.21.23:486][  0]LogTemp: Display: Loaded TP LinuxTargetPlatform
[2018.08.21-02.21.23:495][  0]LogTemp: Display: Loaded TP LuminTargetPlatform
[2018.08.21-02.21.23:495][  0]LogTargetPlatformManager: Display: Building Assets For Windows
[2018.08.21-02.21.23:543][  0]LogXGEController: Cannot use XGE Controller as Incredibuild is not installed on this machine.
[2018.08.21-02.21.23:543][  0]LogShaderCompilers: Cannot use XGE Shader Compiler as Incredibuild is not installed on this machine.
[2018.08.21-02.21.23:543][  0]LogShaderCompilers: Display: Using Local Shader Compiler.
[2018.08.21-02.21.24:583][  0]LogDerivedDataCache: Display: Max Cache Size: 512 MB
[2018.08.21-02.21.24:664][  0]LogDerivedDataCache: Loaded boot cache 0.08s 71MB C:/Users/ender/AppData/Local/UnrealEngine/4.20/DerivedDataCache/Boot.ddc.
[2018.08.21-02.21.24:665][  0]LogDerivedDataCache: Display: Loaded Boot cache: C:/Users/ender/AppData/Local/UnrealEngine/4.20/DerivedDataCache/Boot.ddc
[2018.08.21-02.21.24:665][  0]LogDerivedDataCache: FDerivedDataBackendGraph:  Pak pak cache file C:/Users/ender/Desktop/ColiseumChaos-master/DerivedDataCache/DDC.ddp not found, will not use a pak cache.
[2018.08.21-02.21.24:665][  0]LogDerivedDataCache: Unable to find inner node Pak for hierarchical cache Hierarchy.
[2018.08.21-02.21.24:665][  0]LogDerivedDataCache: FDerivedDataBackendGraph:  CompressedPak pak cache file C:/Users/ender/Desktop/ColiseumChaos-master/DerivedDataCache/Compressed.ddp not found, will not use a pak cache.
[2018.08.21-02.21.24:665][  0]LogDerivedDataCache: Unable to find inner node CompressedPak for hierarchical cache Hierarchy.
[2018.08.21-02.21.24:681][  0]LogDerivedDataCache: Display: Pak cache opened for reading ../../../Engine/DerivedDataCache/Compressed.ddp.
[2018.08.21-02.21.24:693][  0]LogDerivedDataCache: Using Local data cache path C:/Users/ender/AppData/Local/UnrealEngine/Common/DerivedDataCache: Writable
[2018.08.21-02.21.24:693][  0]LogDerivedDataCache: Shared data cache path not found in *engine.ini, will not use an Shared cache.
[2018.08.21-02.21.24:693][  0]LogDerivedDataCache: Unable to find inner node Shared for hierarchical cache Hierarchy.
[2018.08.21-02.21.24:715][  0]LogMaterial: Verifying Global Shaders for PCD3D_SM5
[2018.08.21-02.21.24:717][  0]LogSlate: Using FreeType 2.6.0
[2018.08.21-02.21.24:717][  0]LogSlate: SlateFontServices - WITH_FREETYPE: 1, WITH_HARFBUZZ: 1
[2018.08.21-02.21.24:805][  0]LogAssetRegistry: FAssetRegistry took 0.0289 seconds to start up
[2018.08.21-02.21.25:208][  0]LogInit: Selected Device Profile: [Windows]
[2018.08.21-02.21.25:352][  0]LogSimplygon: Simplygon DLL not present - disabling.
[2018.08.21-02.21.25:357][  0]LogMeshReduction: Using SimplygonSwarm for distributed automatic mesh merging
[2018.08.21-02.21.25:357][  0]LogMeshReduction: Using ProxyLODMeshReduction for automatic mesh merging
[2018.08.21-02.21.25:357][  0]LogMeshReduction: Using QuadricMeshReduction for automatic static mesh reduction
[2018.08.21-02.21.25:357][  0]LogMeshReduction: No automatic skeletal mesh reduction module available
[2018.08.21-02.21.25:378][  0]LogNetVersion: ColiseumChaos 1.0.0, NetCL: 4212847, EngineNetVer: 5, GameNetVer: 0 (Checksum: 1884083424)
[2018.08.21-02.21.26:033][  0]LogPackageLocalizationCache: Processed 12 localized package path(s) for 2 prioritized culture(s) in 0.143351 seconds
[2018.08.21-02.21.26:042][  0]LogUObjectArray: 38434 objects as part of root set at end of initial load.
[2018.08.21-02.21.26:042][  0]LogUObjectAllocator: 6701136 out of 0 bytes used by permanent object pool.
[2018.08.21-02.21.26:042][  0]LogUObjectArray: CloseDisregardForGC: 0/0 objects in disregard for GC pool
[2018.08.21-02.21.26:948][  0]LogTcpMessaging: Initializing TcpMessaging bridge
[2018.08.21-02.21.26:960][  0]LogUdpMessaging: Initializing bridge on interface 0.0.0.0:0 to multicast group 230.0.0.1:6666.
[2018.08.21-02.21.27:112][  0]LogSteamAudio: FSteamAudioModule Startup
[2018.08.21-02.21.27:113][  0]LogSteamAudio: Attempting to load ../../../Engine/Binaries/ThirdParty/Phonon/Win64/tanrt64.dll
[2018.08.21-02.21.27:174][  0]LogSteamAudio: Loaded ../../../Engine/Binaries/ThirdParty/Phonon/Win64/tanrt64.dll.
[2018.08.21-02.21.27:174][  0]LogSteamAudio: Attempting to load ../../../Engine/Binaries/ThirdParty/Phonon/Win64/GPUUtilities.dll
[2018.08.21-02.21.27:198][  0]LogSteamAudio: Loaded ../../../Engine/Binaries/ThirdParty/Phonon/Win64/GPUUtilities.dll.
[2018.08.21-02.21.27:198][  0]LogSteamAudio: Attempting to load ../../../Engine/Binaries/ThirdParty/Phonon/Win64/phonon.dll
[2018.08.21-02.21.27:307][  0]LogSteamAudio: Loaded ../../../Engine/Binaries/ThirdParty/Phonon/Win64/phonon.dll.
[2018.08.21-02.21.27:359][  0]SourceControl: Source control is disabled
[2018.08.21-02.21.28:514][  0]LogAndroidPermission: UAndroidPermissionCallbackProxy::GetInstance
[2018.08.21-02.21.28:620][  0]LogOcInput: OculusInput pre-init called
[2018.08.21-02.21.28:712][  0]LogEngine: Initializing Engine...
[2018.08.21-02.21.28:713][  0]LogHMD: Failed to initialize OpenVR with code 110
[2018.08.21-02.21.28:714][  0]LogStats: UGameplayTagsManager::ConstructGameplayTagTree: ImportINI prefixes -  0.000 s
[2018.08.21-02.21.28:714][  0]LogStats: UGameplayTagsManager::ConstructGameplayTagTree: Construct from data asset -  0.000 s
[2018.08.21-02.21.28:714][  0]LogStats: UGameplayTagsManager::ConstructGameplayTagTree: ImportINI -  0.000 s
[2018.08.21-02.21.28:714][  0]LogStats: UGameplayTagsManager::ConstructGameplayTagTree: GameplayTagTreeChangedEvent.Broadcast -  0.000 s
[2018.08.21-02.21.28:972][  0]LogInit: Initializing FReadOnlyCVARCache
[2018.08.21-02.21.28:983][  0]LogAIModule: Creating AISystem for world Untitled
[2018.08.21-02.21.29:051][  0]LogInit: XAudio2 using 'Speakers (Realtek High Definition Audio)' : 6 channels at 48 kHz using 32 bits per sample (channel mask 0x3f)
[2018.08.21-02.21.29:124][  0]LogInit: FAudioDevice initialized.
[2018.08.21-02.21.29:125][  0]LogNetVersion: Set ProjectVersion to 1.0.0.0. Version Checksum will be recalculated on next use.
[2018.08.21-02.21.30:242][  0]LogDerivedDataCache: Saved boot cache 1.12s 71MB C:/Users/ender/AppData/Local/UnrealEngine/4.20/DerivedDataCache/Boot.ddc.
[2018.08.21-02.21.30:256][  0]LogInit: Texture streaming: Enabled
[2018.08.21-02.21.30:272][  0]LogEngineSessionManager: EngineSessionManager initialized
[2018.08.21-02.21.30:286][  0]LogInit: Transaction tracking system initialized
[2018.08.21-02.21.30:303][  0]BlueprintLog: New page: Editor Load
[2018.08.21-02.21.30:360][  0]LocalizationService: Localization service is disabled
[2018.08.21-02.21.30:608][  0]LogCook: Display: Max memory allowance for cook 16384mb min free memory 0mb
[2018.08.21-02.21.30:608][  0]LogCook: Display: Mobile HDR setting 0
[2018.08.21-02.21.30:608][  0]LogGameplayTags: Display: UGameplayTagsManager::DoneAddingNativeTags. DelegateIsBound: 0
[2018.08.21-02.21.30:608][  0]LogStats: UGameplayTagsManager::ConstructGameplayTagTree: ImportINI prefixes -  0.000 s
[2018.08.21-02.21.30:608][  0]LogStats: UGameplayTagsManager::ConstructGameplayTagTree: Construct from data asset -  0.000 s
[2018.08.21-02.21.30:608][  0]LogStats: UGameplayTagsManager::ConstructGameplayTagTree: ImportINI -  0.000 s
[2018.08.21-02.21.30:608][  0]LogStats: UGameplayTagsManager::ConstructGameplayTagTree: GameplayTagTreeChangedEvent.Broadcast -  0.000 s
[2018.08.21-02.21.30:808][  0]LogFileCache: Scanning file cache for directory 'C:/Users/ender/Desktop/ColiseumChaos-master/Content/' took 0.02s
[2018.08.21-02.21.30:808][  0]Cmd: MAP LOAD FILE="C:/Users/ender/Desktop/ColiseumChaos-master/Content/Maps/Logo.umap" TEMPLATE=0 SHOWPROGRESS=1 FEATURELEVEL=3
[2018.08.21-02.21.30:808][  0]LightingResults: New page: Lighting Build
[2018.08.21-02.21.30:810][  0]MapCheck: New page: Map Check
[2018.08.21-02.21.30:810][  0]LightingResults: New page: Lighting Build
[2018.08.21-02.21.31:783][  0]LogAIModule: Creating AISystem for world Logo
[2018.08.21-02.21.31:792][  0]LogEditorServer: Finished looking for orphan Actors (0.000 secs)
[2018.08.21-02.21.31:822][  0]Cmd: MAP CHECKDEP NOCLEARLOG
[2018.08.21-02.21.31:882][  0]MapCheck: Map check complete: 0 Error(s), 0 Warning(s), took 60.35ms to complete.
[2018.08.21-02.21.31:882][  0]LogFileHelpers: Loading map 'Logo' took 1.074
[2018.08.21-02.21.32:106][  0]LogSlate: Updating window title bar state: overlay mode, drag disabled, window buttons hidden, title bar hidden
[2018.08.21-02.21.32:115][  0]LogSlate: Updating window title bar state: overlay mode, drag disabled, window buttons hidden, title bar hidden
[2018.08.21-02.21.32:125][  0]LogSlate: Updating window title bar state: overlay mode, drag disabled, window buttons hidden, title bar hidden
[2018.08.21-02.21.32:134][  0]LogSlate: Updating window title bar state: overlay mode, drag disabled, window buttons hidden, title bar hidden
[2018.08.21-02.21.32:140][  0]LogCollectionManager: Loaded 0 collections in 0.001202 seconds
[2018.08.21-02.21.32:184][  0]LogFileCache: Scanning file cache for directory 'C:/Users/ender/Desktop/ColiseumChaos-master/Saved/Collections/' took 0.01s
[2018.08.21-02.21.32:184][  0]LogFileCache: Scanning file cache for directory 'C:/Users/ender/Desktop/ColiseumChaos-master/Content/Developers/ender/Collections/' took 0.01s
[2018.08.21-02.21.32:184][  0]LogFileCache: Scanning file cache for directory 'C:/Users/ender/Desktop/ColiseumChaos-master/Content/Collections/' took 0.01s
[2018.08.21-02.21.32:184][  0]LogCollectionManager: Rebuilt the GUID cache for 0 collections in 0.000000 seconds
[2018.08.21-02.21.32:199][  0]LogContentBrowser: Native class hierarchy populated in 0.0139 seconds. Added 2588 classes and 613 folders.
[2018.08.21-02.21.32:205][  0]LogContentBrowser: Native class hierarchy updated for 'WidgetCarousel' in 0.0003 seconds. Added 0 classes and 0 folders.
[2018.08.21-02.21.32:253][  0]LogContentBrowser: Native class hierarchy updated for 'AddContentDialog' in 0.0002 seconds. Added 0 classes and 0 folders.
[2018.08.21-02.21.32:259][  0]LogContentBrowser: Native class hierarchy updated for 'SceneOutliner' in 0.0005 seconds. Added 1 classes and 2 folders.
[2018.08.21-02.21.32:286][  0]LogDirectoryWatcher: Warning: Failed to begin reading directory changes for C:/Users/ender/Desktop/ColiseumChaos-master/Plugins/. Error: The system cannot find the file specified. (0x00000002)
[2018.08.21-02.21.32:293][  0]LogSlate: Took 0.000287 seconds to synchronously load lazily loaded font '../../../Engine/Content/Slate/Fonts/Roboto-Regular.ttf' (155K)
[2018.08.21-02.21.32:296][  0]LogSlate: Took 0.000217 seconds to synchronously load lazily loaded font '../../../Engine/Content/Slate/Fonts/Roboto-Bold.ttf' (160K)
[2018.08.21-02.21.32:304][  0]LogSlate: Took 0.000312 seconds to synchronously load lazily loaded font '../../../Engine/Content/Editor/Slate/Fonts/FontAwesome.ttf' (139K)
[2018.08.21-02.21.32:401][  0]LogRenderer: Reallocating scene render targets to support 964x436 Format 10 NumSamples 1 (Frame:1).
[2018.08.21-02.21.32:626][  0]LogContentBrowser: Native class hierarchy updated for 'HierarchicalLODOutliner' in 0.0004 seconds. Added 0 classes and 0 folders.
[2018.08.21-02.21.32:626][  0]LogLoad: (Engine Initialization) Total time: 12.75 seconds
[2018.08.21-02.21.32:626][  0]LogLoad: (Engine Initialization) Total Blueprint compile time: 0.00 seconds
[2018.08.21-02.21.35:091][  0]LogSteamController: SteamController is not available
[2018.08.21-02.21.35:451][  0]LogContentStreaming: Texture pool size now 3000 MB
[2018.08.21-02.21.35:486][  0]LogSlate: Took 0.000209 seconds to synchronously load lazily loaded font '../../../Engine/Content/Slate/Fonts/Roboto-Light.ttf' (167K)
[2018.08.21-02.21.35:538][  1]LogAssetRegistry: Asset discovery search completed in 10.7558 seconds
[2018.08.21-02.21.35:550][  1]LogCollectionManager: Rebuilt the object cache for 0 collections in 0.000001 seconds (found 0 objects)
[2018.08.21-02.21.35:550][  1]LogCollectionManager: Fixed up redirectors for 0 collections in 0.000109 seconds (updated 0 objects)
[2018.08.21-02.22.03:615][143]LogSlate: FSceneViewport::OnFocusLost() reason 0
[2018.08.21-02.22.03:698][148]LogSlate: Window 'Plugins' being destroyed
[2018.08.21-02.22.03:702][148]LogSlate: Window 'Plugins' being destroyed
[2018.08.21-02.22.03:703][148]LogDirectoryWatcher: A directory notification for '../../../Engine/Plugins/' was aborted.
[2018.08.21-02.22.04:595][201]LogSlate: FSceneViewport::OnFocusLost() reason 2
[2018.08.21-02.22.16:712][814]UATHelper: Packaging (Windows (64-bit)): Running AutomationTool...
[2018.08.21-02.22.17:544][864]UATHelper: Packaging (Windows (64-bit)): Parsing command line: -ScriptsForProject=C:/Users/ender/Desktop/ColiseumChaos-master/ColiseumChaos.uproject BuildCookRun -nocompile -nocompileeditor -installed -nop4 -project=C:/Users/ender/Desktop/ColiseumChaos-master/ColiseumChaos.uproject -cook -stage -archive -archivedirectory=C:/Users/ender/Desktop/ColiseumChaos-master/CC -package -clientconfig=Development -ue4exe=UE4Editor-Cmd.exe -pak -prereqs -nodebuginfo -targetplatform=Win64 -build -utf8output
[2018.08.21-02.22.17:877][884]UATHelper: Packaging (Windows (64-bit)): Setting up ProjectParams for C:\Users\ender\Desktop\ColiseumChaos-master\ColiseumChaos.uproject
[2018.08.21-02.22.18:493][921]UATHelper: Packaging (Windows (64-bit)): ********** BUILD COMMAND STARTED **********
[2018.08.21-02.22.18:526][923]UATHelper: Packaging (Windows (64-bit)): Running: D:\Epic Games\Fortnite\UE_4.20\Engine\Binaries\DotNET\UnrealBuildTool.exe ColiseumChaos Win64 Development -Project=C:\Users\ender\Desktop\ColiseumChaos-master\ColiseumChaos.uproject  C:\Users\ender\Desktop\ColiseumChaos-master\ColiseumChaos.uproject -NoUBTMakefiles  -remoteini="C:\Users\ender\Desktop\ColiseumChaos-master" -skipdeploy -noxge -generatemanifest -NoHotReload -log="C:\Users\ender\AppData\Roaming\Unreal Engine\AutomationTool\Logs\D+Epic+Games+Fortnite+UE_4.20\UBT-ColiseumChaos-Win64-Development.txt"
[2018.08.21-02.22.18:860][943]UATHelper: Packaging (Windows (64-bit)):   Using 'git status' to determine working set for adaptive non-unity build.
[2018.08.21-02.22.19:406][975]UATHelper: Packaging (Windows (64-bit)):   WARNING: Visual Studio 2017 is installed, but is missing the C++ toolchain. Please verify that the "VC++ 2017 toolset" component is selected in the Visual Studio 2017 installation options.
[2018.08.21-02.22.19:406][975]PackagingResults: Warning: Visual Studio 2017 is installed, but is missing the C++ toolchain. Please verify that the "VC++ 2017 toolset" component is selected in the Visual Studio 2017 installation options.
[2018.08.21-02.22.19:446][978]UATHelper: Packaging (Windows (64-bit)):   ERROR: Visual Studio 2015 must be installed in order to build this target.
[2018.08.21-02.22.19:446][978]UATHelper: Packaging (Windows (64-bit)):          (see C:\Users\ender\AppData\Roaming\Unreal Engine\AutomationTool\Logs\D+Epic+Games+Fortnite+UE_4.20\UBT-ColiseumChaos-Win64-Development.txt for full exception trace)
[2018.08.21-02.22.19:446][978]PackagingResults: Error: Visual Studio 2015 must be installed in order to build this target.
[2018.08.21-02.22.19:480][980]UATHelper: Packaging (Windows (64-bit)): Took 0.956449s to run UnrealBuildTool.exe, ExitCode=5
[2018.08.21-02.22.19:480][980]UATHelper: Packaging (Windows (64-bit)): ERROR: UnrealBuildTool failed. See log for more details. (C:\Users\ender\AppData\Roaming\Unreal Engine\AutomationTool\Logs\D+Epic+Games+Fortnite+UE_4.20\UBT-ColiseumChaos-Win64-Development.txt)
[2018.08.21-02.22.19:480][980]UATHelper: Packaging (Windows (64-bit)):        (see C:\Users\ender\AppData\Roaming\Unreal Engine\AutomationTool\Logs\D+Epic+Games+Fortnite+UE_4.20\Log.txt for full exception trace)
[2018.08.21-02.22.19:480][980]PackagingResults: Error: UnrealBuildTool failed. See log for more details. (C:\Users\ender\AppData\Roaming\Unreal Engine\AutomationTool\Logs\D+Epic+Games+Fortnite+UE_4.20\UBT-ColiseumChaos-Win64-Development.txt)
[2018.08.21-02.22.19:496][981]UATHelper: Packaging (Windows (64-bit)): AutomationTool exiting with ExitCode=5 (5)
[2018.08.21-02.22.19:607][987]UATHelper: Packaging (Windows (64-bit)): BUILD FAILED
[2018.08.21-02.22.19:607][987]PackagingResults: Error: Unknown Error
[2018.08.21-02.22.20:775][ 57]LogSlate: FSceneViewport::OnFocusLost() reason 0
[2018.08.21-02.22.20:857][ 61]LogSlate: Took 0.000201 seconds to synchronously load lazily loaded font '../../../Engine/Content/Slate/Fonts/DroidSansMono.ttf' (77K)
[2018.08.21-02.22.49:680][584]LogSlate: FSceneViewport::OnFocusLost() reason 2
[2018.08.21-02.23.05:768][734]LogSlate: FSceneViewport::OnFocusLost() reason 2
[2018.08.21-02.33.21:116][215]LogSlate: Window 'Output Log' being destroyed
[2018.08.21-02.33.21:158][215]LogSlate: Window 'Output Log' being destroyed
[2018.08.21-02.33.21:735][215]LogSlate: Window 'ColiseumChaos - Unreal Editor' being destroyed
[2018.08.21-02.33.21:737][215]LogWindowsTextInputMethodSystem: Display: IME system now deactivated.
[2018.08.21-02.33.22:419][216]Cmd: QUIT_EDITOR
[2018.08.21-02.33.22:864][216]LogExit: Preparing to exit.
[2018.08.21-02.33.24:304][216]LogExit: Editor shut down
[2018.08.21-02.33.24:304][216]LogExit: Transaction tracking system shut down
[2018.08.21-02.33.26:296][216]LogExit: Object subsystem successfully closed.
[2018.08.21-02.33.26:472][216]LogShaderCompilers: Display: Shaders left to compile 0
[2018.08.21-02.33.26:491][216]LogD3D11RHI: Shutdown
[2018.08.21-02.33.26:491][216]LogD3D11RHI: CleanupD3DDevice
[2018.08.21-02.33.26:570][216]LogD3D11RHI: ~FD3D11DynamicRHI
[2018.08.21-02.33.27:989][216]LogModuleManager: Shutting down and abandoning module UATHelper (620)
[2018.08.21-02.33.27:989][216]LogModuleManager: Shutting down and abandoning module HierarchicalLODOutliner (618)
[2018.08.21-02.33.27:989][216]LogModuleManager: Shutting down and abandoning module SceneOutliner (616)
[2018.08.21-02.33.28:006][216]LogModuleManager: Shutting down and abandoning module AddContentDialog (614)
[2018.08.21-02.33.28:040][216]LogModuleManager: Shutting down and abandoning module WidgetCarousel (613)
[2018.08.21-02.33.28:040][216]LogModuleManager: Shutting down and abandoning module EditorWidgets (610)
[2018.08.21-02.33.28:040][216]LogModuleManager: Shutting down and abandoning module CollectionManager (608)
[2018.08.21-02.33.28:063][216]LogModuleManager: Shutting down and abandoning module StatsViewer (606)
[2018.08.21-02.33.28:070][216]LogModuleManager: Shutting down and abandoning module FoliageEdit (604)
[2018.08.21-02.33.28:087][216]LogModuleManager: Shutting down and abandoning module LandscapeEditor (602)
[2018.08.21-02.33.28:131][216]LogModuleManager: Shutting down and abandoning module MeshPaintMode (600)
[2018.08.21-02.33.28:148][216]LogModuleManager: Shutting down and abandoning module SceneDepthPickerMode (598)
[2018.08.21-02.33.28:148][216]LogModuleManager: Shutting down and abandoning module ActorPickerMode (596)
[2018.08.21-02.33.28:148][216]LogModuleManager: Shutting down and abandoning module GeometryMode (594)
[2018.08.21-02.33.28:148][216]LogModuleManager: Shutting down and abandoning module TextureAlignMode (592)
[2018.08.21-02.33.28:148][216]LogModuleManager: Shutting down and abandoning module BspMode (590)
[2018.08.21-02.33.28:148][216]LogModuleManager: Shutting down and abandoning module PIEPreviewDeviceProfileSelector (588)
[2018.08.21-02.33.28:155][216]LogModuleManager: Shutting down and abandoning module SequenceRecorderSections (586)
[2018.08.21-02.33.28:166][216]LogModuleManager: Shutting down and abandoning module AutomationWorker (584)
[2018.08.21-02.33.28:166][216]LogModuleManager: Shutting down and abandoning module SteamAudioEditor (582)
[2018.08.21-02.33.28:172][216]LogModuleManager: Shutting down and abandoning module AudioCaptureEditor (580)
[2018.08.21-02.33.28:172][216]LogModuleManager: Shutting down and abandoning module SequenceRecorder (579)
[2018.08.21-02.33.28:188][216]LogModuleManager: Shutting down and abandoning module MatineeToLevelSequence (576)
[2018.08.21-02.33.28:204][216]LogModuleManager: Shutting down and abandoning module LevelSequenceEditor (574)
[2018.08.21-02.33.28:226][216]LogModuleManager: Shutting down and abandoning module PlacementMode (573)
[2018.08.21-02.33.28:226][216]LogModuleManager: Shutting down and abandoning module MaterialEditor (572)
[2018.08.21-02.33.28:253][216]LogModuleManager: Shutting down and abandoning module WmfMediaFactory (568)
[2018.08.21-02.33.28:253][216]LogModuleManager: Shutting down and abandoning module WmfMediaEditor (566)
[2018.08.21-02.33.28:253][216]LogModuleManager: Shutting down and abandoning module MediaPlayerEditor (564)
[2018.08.21-02.33.28:271][216]LogModuleManager: Shutting down and abandoning module OpenExrWrapper (562)
[2018.08.21-02.33.28:271][216]LogModuleManager: Shutting down and abandoning module ImgMediaFactory (560)
[2018.08.21-02.33.28:272][216]LogModuleManager: Shutting down and abandoning module ImgMediaEditor (558)
[2018.08.21-02.33.28:272][216]LogModuleManager: Shutting down and abandoning module AvfMediaFactory (556)
[2018.08.21-02.33.28:272][216]LogModuleManager: Shutting down and abandoning module AvfMediaEditor (554)
[2018.08.21-02.33.28:272][216]LogModuleManager: Shutting down and abandoning module AndroidMediaFactory (552)
[2018.08.21-02.33.28:272][216]LogModuleManager: Shutting down and abandoning module AndroidMediaEditor (550)
[2018.08.21-02.33.28:272][216]LogModuleManager: Shutting down and abandoning module MagicLeapCameraPreviewFactory (548)
[2018.08.21-02.33.28:272][216]LogModuleManager: Shutting down and abandoning module MagicLeapMediaFactory (546)
[2018.08.21-02.33.28:272][216]LogModuleManager: Shutting down and abandoning module MagicLeapMediaEditor (544)
[2018.08.21-02.33.28:272][216]LogModuleManager: Shutting down and abandoning module CharacterAI (542)
[2018.08.21-02.33.28:272][216]LogModuleManager: Shutting down and abandoning module SmartSnapping (540)
[2018.08.21-02.33.28:272][216]LogModuleManager: Shutting down and abandoning module SessionServices (538)
[2018.08.21-02.33.28:272][216]LogModuleManager: Shutting down and abandoning module ViewportSnapping (536)
[2018.08.21-02.33.28:272][216]LogModuleManager: Shutting down and abandoning module ViewportInteraction (534)
[2018.08.21-02.33.28:272][216]LogModuleManager: Shutting down and abandoning module ClothPainter (532)
[2018.08.21-02.33.28:316][216]LogModuleManager: Shutting down and abandoning module SkeletalMeshEditor (531)
[2018.08.21-02.33.28:339][216]LogModuleManager: Shutting down and abandoning module LogVisualizer (528)
[2018.08.21-02.33.28:356][216]LogModuleManager: Shutting down and abandoning module IntroTutorials (526)
[2018.08.21-02.33.28:362][216]LogModuleManager: Shutting down and abandoning module GameProjectGeneration (525)
[2018.08.21-02.33.28:381][216]LogModuleManager: Shutting down and abandoning module LuminPlatformEditor (522)
[2018.08.21-02.33.28:381][216]LogModuleManager: Shutting down and abandoning module IOSPlatformEditor (520)
[2018.08.21-02.33.28:388][216]LogModuleManager: Shutting down and abandoning module HTML5PlatformEditor (518)
[2018.08.21-02.33.28:388][216]LogModuleManager: Shutting down and abandoning module AndroidPlatformEditor (516)
[2018.08.21-02.33.28:388][216]LogModuleManager: Shutting down and abandoning module AndroidDeviceDetection (515)
[2018.08.21-02.33.28:806][216]LogModuleManager: Shutting down and abandoning module WindowsPlatformEditor (512)
[2018.08.21-02.33.28:806][216]LogModuleManager: Shutting down and abandoning module LuminRuntimeSettings (510)
[2018.08.21-02.33.28:806][216]LogModuleManager: Shutting down and abandoning module IOSRuntimeSettings (508)
[2018.08.21-02.33.28:806][216]LogModuleManager: Shutting down and abandoning module AndroidRuntimeSettings (506)
[2018.08.21-02.33.28:806][216]LogModuleManager: Shutting down and abandoning module InputBindingEditor (504)
[2018.08.21-02.33.28:863][216]LogModuleManager: Shutting down and abandoning module MergeActors (502)
[2018.08.21-02.33.28:875][216]LogModuleManager: Shutting down and abandoning module LocalizationDashboard (500)
[2018.08.21-02.33.28:886][216]LogModuleManager: Shutting down and abandoning module LocalizationService (499)
[2018.08.21-02.33.28:896][216]LogModuleManager: Shutting down and abandoning module HardwareTargeting (496)
[2018.08.21-02.33.28:896][216]LogModuleManager: Shutting down and abandoning module DeviceProfileEditor (494)
[2018.08.21-02.33.28:896][216]LogModuleManager: Shutting down and abandoning module UndoHistory (492)
[2018.08.21-02.33.28:906][216]LogModuleManager: Shutting down and abandoning module XmlParser (490)
[2018.08.21-02.33.28:906][216]LogModuleManager: Shutting down and abandoning module Blutility (488)
[2018.08.21-02.33.28:920][216]LogModuleManager: Shutting down and abandoning module ProjectSettingsViewer (486)
[2018.08.21-02.33.28:920][216]LogModuleManager: Shutting down and abandoning module ProjectTargetPlatformEditor (485)
[2018.08.21-02.33.28:921][216]LogModuleManager: Shutting down and abandoning module EditorSettingsViewer (482)
[2018.08.21-02.33.28:921][216]LogModuleManager: Shutting down and abandoning module SettingsEditor (480)
[2018.08.21-02.33.28:955][216]LogModuleManager: Shutting down and abandoning module ProjectLauncher (478)
[2018.08.21-02.33.28:972][216]LogModuleManager: Shutting down and abandoning module SessionFrontend (476)
[2018.08.21-02.33.28:989][216]LogModuleManager: Shutting down and abandoning module ProfilerClient (474)
[2018.08.21-02.33.29:001][216]LogModuleManager: Shutting down and abandoning module DeviceManager (472)
[2018.08.21-02.33.29:011][216]LogModuleManager: Shutting down and abandoning module TargetDeviceServices (471)
[2018.08.21-02.33.29:097][216]LogModuleManager: Shutting down and abandoning module AutomationController (468)
[2018.08.21-02.33.29:108][216]LogModuleManager: Shutting down and abandoning module AutomationWindow (466)
[2018.08.21-02.33.29:123][216]LogModuleManager: Shutting down and abandoning module Layers (464)
[2018.08.21-02.33.29:145][216]LogModuleManager: Shutting down and abandoning module ComponentVisualizers (462)
[2018.08.21-02.33.29:145][216]LogModuleManager: Shutting down and abandoning module DetailCustomizations (460)
[2018.08.21-02.33.29:174][216]LogModuleManager: Shutting down and abandoning module PackagesDialog (458)
[2018.08.21-02.33.29:174][216]LogModuleManager: Shutting down and abandoning module Persona (456)
[2018.08.21-02.33.29:210][216]LogModuleManager: Shutting down and abandoning module AdvancedPreviewScene (455)
[2018.08.21-02.33.29:211][216]LogModuleManager: Shutting down and abandoning module AnimGraph (453)
[2018.08.21-02.33.29:225][216]LogModuleManager: Shutting down and abandoning module Kismet (450)
[2018.08.21-02.33.29:247][216]LogModuleManager: Shutting down and abandoning module GraphEditor (448)
[2018.08.21-02.33.29:282][216]LogModuleManager: Shutting down and abandoning module ClassViewer (446)
[2018.08.21-02.33.29:282][216]LogModuleManager: Shutting down and abandoning module Toolbox (444)
[2018.08.21-02.33.29:282][216]LogModuleManager: Shutting down and abandoning module ModuleUI (442)
[2018.08.21-02.33.29:302][216]LogModuleManager: Shutting down and abandoning module MovieSceneTools (440)
[2018.08.21-02.33.29:331][216]LogModuleManager: Shutting down and abandoning module OutputLog (438)
[2018.08.21-02.33.29:331][216]LogModuleManager: Shutting down and abandoning module GammaUI (436)
[2018.08.21-02.33.29:339][216]LogModuleManager: Shutting down and abandoning module Documentation (434)
[2018.08.21-02.33.29:339][216]LogModuleManager: Shutting down and abandoning module MovieSceneTracks (432)
[2018.08.21-02.33.29:339][216]LogModuleManager: Shutting down and abandoning module MovieScene (430)
[2018.08.21-02.33.29:344][216]LogModuleManager: Shutting down and abandoning module StreamingPauseRendering (428)
[2018.08.21-02.33.29:354][216]LogModuleManager: Shutting down and abandoning module LauncherPlatform (426)
[2018.08.21-02.33.29:354][216]LogModuleManager: Shutting down and abandoning module AnalyticsET (424)
[2018.08.21-02.33.29:354][216]LogModuleManager: Shutting down and abandoning module PortalServices (422)
[2018.08.21-02.33.29:354][216]LogModuleManager: Shutting down and abandoning module PortalRpc (420)
[2018.08.21-02.33.29:354][216]LogModuleManager: Shutting down and abandoning module MessagingRpc (418)
[2018.08.21-02.33.29:354][216]LogModuleManager: Shutting down and abandoning module AIModule (416)
[2018.08.21-02.33.29:382][216]LogModuleManager: Shutting down and abandoning module GameplayDebugger (415)
[2018.08.21-02.33.29:382][216]LogModuleManager: Shutting down and abandoning module AITestSuite (413)
[2018.08.21-02.33.29:392][216]LogModuleManager: Shutting down and abandoning module NavigationSystem (411)
[2018.08.21-02.33.29:392][216]LogModuleManager: Shutting down and abandoning module DesktopPlatform (408)
[2018.08.21-02.33.29:392][216]LogModuleManager: Shutting down and abandoning module ProfilerService (406)
[2018.08.21-02.33.29:459][216]LogModuleManager: Shutting down and abandoning module TaskGraph (404)
[2018.08.21-02.33.29:472][216]LogModuleManager: Shutting down and abandoning module SteamVRController (402)
[2018.08.21-02.33.29:472][216]LogModuleManager: Shutting down and abandoning module SteamController (400)
[2018.08.21-02.33.29:472][216]LogModuleManager: Shutting down and abandoning module ProceduralMeshComponentEditor (398)
[2018.08.21-02.33.29:472][216]LogModuleManager: Shutting down and abandoning module ProceduralMeshComponent (396)
[2018.08.21-02.33.29:483][216]LogModuleManager: Shutting down and abandoning module OculusInput (394)
[2018.08.21-02.33.29:483][216]LogModuleManager: Shutting down and abandoning module MobilePatchingUtils (392)
[2018.08.21-02.33.29:483][216]LogModuleManager: Shutting down and abandoning module EditableMesh (390)
[2018.08.21-02.33.29:487][216]LogModuleManager: Shutting down and abandoning module CustomMeshComponent (388)
[2018.08.21-02.33.29:487][216]LogModuleManager: Shutting down and abandoning module CableComponent (386)
[2018.08.21-02.33.29:487][216]LogModuleManager: Shutting down and abandoning module AudioCapture (384)
[2018.08.21-02.33.29:487][216]LogModuleManager: Shutting down and abandoning module ArchVisCharacter (382)
[2018.08.21-02.33.29:487][216]LogModuleManager: Shutting down and abandoning module AndroidPermission (380)
[2018.08.21-02.33.29:487][216]LogModuleManager: Shutting down and abandoning module NUTUnrealEngine4 (378)
[2018.08.21-02.33.29:487][216]LogModuleManager: Shutting down and abandoning module NetcodeUnitTest (376)
[2018.08.21-02.33.29:514][216]LogModuleManager: Shutting down and abandoning module MediaCompositingEditor (374)
[2018.08.21-02.33.29:514][216]LogModuleManager: Shutting down and abandoning module MediaCompositing (372)
[2018.08.21-02.33.29:514][216]LogModuleManager: Shutting down and abandoning module LinearTimecode (370)
[2018.08.21-02.33.29:514][216]LogModuleManager: Shutting down and abandoning module ImgMedia (368)
[2018.08.21-02.33.29:524][216]LogModuleManager: Shutting down and abandoning module HTML5Networking (366)
[2018.08.21-02.33.29:524][216]LogModuleManager: Shutting down and abandoning module GeometryCacheTracks (364)
[2018.08.21-02.33.29:524][216]LogModuleManager: Shutting down and abandoning module GeometryCacheSequencer (362)
[2018.08.21-02.33.29:524][216]LogModuleManager: Shutting down and abandoning module BackChannel (360)
[2018.08.21-02.33.29:532][216]LogModuleManager: Shutting down and abandoning module AppleVision (358)
[2018.08.21-02.33.29:532][216]LogModuleManager: Shutting down and abandoning module AppleImageUtils (356)
[2018.08.21-02.33.29:532][216]LogModuleManager: Shutting down and abandoning module AlembicImporter (354)
[2018.08.21-02.33.29:532][216]LogModuleManager: Shutting down and abandoning module AlembicLibrary (353)
[2018.08.21-02.33.29:532][216]LogModuleManager: Shutting down and abandoning module GeometryCache (352)
[2018.08.21-02.33.29:532][216]LogModuleManager: Shutting down and abandoning module GeometryCacheEd (351)
[2018.08.21-02.33.29:532][216]LogModuleManager: Shutting down and abandoning module DatasmithContentEditor (346)
[2018.08.21-02.33.29:537][216]LogModuleManager: Shutting down and abandoning module DatasmithContent (344)
[2018.08.21-02.33.29:537][216]LogModuleManager: Shutting down and abandoning module SpeedTreeImporter (342)
[2018.08.21-02.33.29:537][216]LogModuleManager: Shutting down and abandoning module PluginBrowser (340)
[2018.08.21-02.33.29:537][216]LogModuleManager: Shutting down and abandoning module MobileLauncherProfileWizard (338)
[2018.08.21-02.33.29:548][216]LogModuleManager: Shutting down and abandoning module PolygonModeling (336)
[2018.08.21-02.33.29:548][216]LogModuleManager: Shutting down and abandoning module MeshEditor (334)
[2018.08.21-02.33.29:556][216]LogModuleManager: Shutting down and abandoning module CryptoKeysOpenSSL (332)
[2018.08.21-02.33.29:568][216]LogModuleManager: Shutting down and abandoning module CryptoKeys (330)
[2018.08.21-02.33.29:568][216]LogModuleManager: Shutting down and abandoning module VisualStudioSourceCodeAccess (328)
[2018.08.21-02.33.29:568][216]LogModuleManager: Shutting down and abandoning module VisualStudioCodeSourceCodeAccess (326)
[2018.08.21-02.33.29:568][216]LogModuleManager: Shutting down and abandoning module UObjectPlugin (324)
[2018.08.21-02.33.29:568][216]LogModuleManager: Shutting down and abandoning module SubversionSourceControl (322)
[2018.08.21-02.33.29:592][216]LogModuleManager: Shutting down and abandoning module PerforceSourceControl (320)
[2018.08.21-02.33.29:607][216]LogModuleManager: Shutting down and abandoning module GitSourceControl (318)
[2018.08.21-02.33.29:616][216]LogModuleManager: Shutting down and abandoning module SourceControl (317)
[2018.08.21-02.33.29:630][216]LogModuleManager: Shutting down and abandoning module CLionSourceCodeAccess (314)
[2018.08.21-02.33.29:630][216]LogModuleManager: Shutting down and abandoning module LightPropagationVolumeEditor (312)
[2018.08.21-02.33.29:630][216]LogModuleManager: Shutting down and abandoning module PaperTiledImporter (310)
[2018.08.21-02.33.29:630][216]LogModuleManager: Shutting down and abandoning module PaperSpriteSheetImporter (308)
[2018.08.21-02.33.29:630][216]LogModuleManager: Shutting down and abandoning module Paper2DEditor (306)
[2018.08.21-02.33.29:648][216]LogModuleManager: Shutting down and abandoning module MeshPaint (305)
[2018.08.21-02.33.29:662][216]LogModuleManager: Shutting down and abandoning module SteamAudio (302)
[2018.08.21-02.33.29:662][216]LogSteamAudio: FSteamAudioModule Shutdown
[2018.08.21-02.33.29:705][216]LogModuleManager: Shutting down and abandoning module RuntimePhysXCooking (300)
[2018.08.21-02.33.29:706][216]LogModuleManager: Shutting down and abandoning module PhysXVehiclesEditor (298)
[2018.08.21-02.33.29:706][216]LogModuleManager: Shutting down and abandoning module PhysXVehicles (296)
[2018.08.21-02.33.29:706][216]LogModuleManager: Shutting down and abandoning module OculusEditor (294)
[2018.08.21-02.33.29:709][216]LogModuleManager: Shutting down and abandoning module LocationServicesBPLibrary (292)
[2018.08.21-02.33.29:709][216]LogModuleManager: Shutting down and abandoning module ImmediatePhysicsEditor (290)
[2018.08.21-02.33.29:709][216]LogModuleManager: Shutting down and abandoning module ImmediatePhysics (288)
[2018.08.21-02.33.29:715][216]LogModuleManager: Shutting down and abandoning module ActorSequence (286)
[2018.08.21-02.33.29:715][216]LogModuleManager: Shutting down and abandoning module UdpMessaging (284)
[2018.08.21-02.33.29:817][216]LogModuleManager: Shutting down and abandoning module TcpMessaging (282)
[2018.08.21-02.33.29:927][216]LogModuleManager: Shutting down and abandoning module MagicLeapAudio (280)
[2018.08.21-02.33.29:927][216]LogModuleManager: Shutting down and abandoning module GameplayTagsEditor (278)
[2018.08.21-02.33.29:937][216]LogModuleManager: Shutting down and abandoning module FacialAnimationEditor (276)
[2018.08.21-02.33.29:937][216]LogModuleManager: Shutting down and abandoning module FacialAnimation (274)
[2018.08.21-02.33.29:937][216]LogModuleManager: Shutting down and abandoning module DataValidation (272)
[2018.08.21-02.33.29:937][216]LogModuleManager: Shutting down and abandoning module AssetManagerEditor (270)
[2018.08.21-02.33.29:953][216]LogModuleManager: Shutting down and abandoning module LevelEditor (269)
[2018.08.21-02.33.29:974][216]LogModuleManager: Shutting down and abandoning module PixelInspectorModule (268)
[2018.08.21-02.33.29:986][216]LogModuleManager: Shutting down and abandoning module CommonMenuExtensions (266)
[2018.08.21-02.33.29:986][216]LogModuleManager: Shutting down and abandoning module MainFrame (264)
[2018.08.21-02.33.29:986][216]LogModuleManager: Shutting down and abandoning module HotReload (263)
[2018.08.21-02.33.30:016][216]LogModuleManager: Shutting down and abandoning module ContentBrowser (259)
[2018.08.21-02.33.30:018][216]LogModuleManager: Shutting down and abandoning module TreeMap (257)
[2018.08.21-02.33.30:029][216]LogModuleManager: Shutting down and abandoning module LightPropagationVolumeRuntime (254)
[2018.08.21-02.33.30:029][216]LogModuleManager: Shutting down and abandoning module AISupportModule (252)
[2018.08.21-02.33.30:029][216]LogModuleManager: Shutting down and abandoning module Paper2D (250)
[2018.08.21-02.33.30:040][216]LogModuleManager: Shutting down and abandoning module WindowsMoviePlayer (248)
[2018.08.21-02.33.30:048][216]LogModuleManager: Shutting down and abandoning module WmfMedia (246)
[2018.08.21-02.33.30:060][216]LogModuleManager: Shutting down and abandoning module Media (245)
[2018.08.21-02.33.30:066][216]LogModuleManager: Shutting down and abandoning module PacketHandler (242)
[2018.08.21-02.33.30:067][216]LogModuleManager: Shutting down and abandoning module ClothingSystemEditor (240)
[2018.08.21-02.33.30:067][216]LogModuleManager: Shutting down and abandoning module ClothingSystemRuntime (238)
[2018.08.21-02.33.30:075][216]LogModuleManager: Shutting down and abandoning module MediaAssets (236)
[2018.08.21-02.33.30:075][216]LogModuleManager: Shutting down and abandoning module Overlay (234)
[2018.08.21-02.33.30:075][216]LogModuleManager: Shutting down and abandoning module OverlayEditor (233)
[2018.08.21-02.33.30:075][216]LogModuleManager: Shutting down and abandoning module VREditor (230)
[2018.08.21-02.33.30:087][216]LogModuleManager: Shutting down and abandoning module StringTableEditor (228)
[2018.08.21-02.33.30:103][216]LogModuleManager: Shutting down and abandoning module GameplayTasksEditor (226)
[2018.08.21-02.33.30:103][216]LogModuleManager: Shutting down and abandoning module BehaviorTreeEditor (224)
[2018.08.21-02.33.30:127][216]LogModuleManager: Shutting down and abandoning module FunctionalTesting (222)
[2018.08.21-02.33.30:142][216]LogModuleManager: Shutting down and abandoning module CollisionAnalyzer (220)
[2018.08.21-02.33.30:157][216]LogModuleManager: Shutting down and abandoning module WorkspaceMenuStructure (219)
[2018.08.21-02.33.30:158][216]LogModuleManager: Shutting down and abandoning module UMG (216)
[2018.08.21-02.33.30:164][216]LogModuleManager: Shutting down and abandoning module UMGEditor (215)
[2018.08.21-02.33.30:195][216]LogModuleManager: Shutting down and abandoning module Sequencer (214)
[2018.08.21-02.33.30:245][216]LogModuleManager: Shutting down and abandoning module MessageLog (211)
[2018.08.21-02.33.30:245][216]LogModuleManager: Shutting down and abandoning module SlateReflector (206)
[2018.08.21-02.33.30:271][216]LogModuleManager: Shutting down and abandoning module Slate (204)
[2018.08.21-02.33.30:279][216]LogModuleManager: Shutting down and abandoning module EditorStyle (202)
[2018.08.21-02.33.30:291][216]LogModuleManager: Shutting down and abandoning module MRMesh (200)
[2018.08.21-02.33.30:291][216]LogModuleManager: Shutting down and abandoning module SourceCodeAccess (198)
[2018.08.21-02.33.30:292][216]LogModuleManager: Shutting down and abandoning module HeadMountedDisplay (196)
[2018.08.21-02.33.30:292][216]LogModuleManager: Shutting down and abandoning module XAudio2 (194)
[2018.08.21-02.33.30:292][216]LogModuleManager: Shutting down and abandoning module Networking (192)
[2018.08.21-02.33.30:292][216]LogModuleManager: Shutting down and abandoning module Core (190)
[2018.08.21-02.33.30:292][216]LogModuleManager: Shutting down and abandoning module LevelSequence (188)
[2018.08.21-02.33.30:292][216]LogModuleManager: Shutting down and abandoning module KismetCompiler (186)
[2018.08.21-02.33.30:292][216]LogModuleManager: Shutting down and abandoning module MeshUtilities (184)
[2018.08.21-02.33.30:307][216]LogModuleManager: Shutting down and abandoning module MeshMergeUtilities (183)
[2018.08.21-02.33.30:314][216]LogModuleManager: Shutting down and abandoning module MeshReductionInterface (182)
[2018.08.21-02.33.30:314][216]LogModuleManager: Shutting down and abandoning module SimplygonSwarm (181)
[2018.08.21-02.33.30:323][216]LogModuleManager: Shutting down and abandoning module ProxyLODMeshReduction (179)
[2018.08.21-02.33.30:340][216]LogModuleManager: Shutting down and abandoning module SimplygonMeshReduction (177)
[2018.08.21-02.33.30:340][216]LogModuleManager: Shutting down and abandoning module QuadricMeshReduction (175)
[2018.08.21-02.33.30:353][216]LogModuleManager: Shutting down and abandoning module MaterialBaking (171)
[2018.08.21-02.33.30:363][216]LogModuleManager: Shutting down and abandoning module DirectoryWatcher (167)
[2018.08.21-02.33.30:363][216]LogModuleManager: Shutting down and abandoning module DerivedDataCache (164)
[2018.08.21-02.33.30:431][216]LogDerivedDataCache: Shutdown
[2018.08.21-02.33.30:431][216]LogModuleManager: Shutting down and abandoning module XGEController (162)
[2018.08.21-02.33.30:442][216]LogModuleManager: Shutting down and abandoning module TargetPlatform (160)
[2018.08.21-02.33.30:442][216]LogModuleManager: Shutting down and abandoning module VulkanShaderFormat (159)
[2018.08.21-02.33.30:458][216]LogModuleManager: Shutting down and abandoning module ShaderFormatVectorVM (157)
[2018.08.21-02.33.30:476][216]LogModuleManager: Shutting down and abandoning module ShaderFormatOpenGL (155)
[2018.08.21-02.33.30:481][216]LogModuleManager: Shutting down and abandoning module ShaderFormatD3D (153)
[2018.08.21-02.33.30:481][216]LogModuleManager: Shutting down and abandoning module MetalShaderFormat (151)
[2018.08.21-02.33.30:497][216]LogModuleManager: Shutting down and abandoning module TextureFormatUncompressed (149)
[2018.08.21-02.33.30:497][216]LogModuleManager: Shutting down and abandoning module TextureFormatPVR (147)
[2018.08.21-02.33.30:497][216]LogModuleManager: Shutting down and abandoning module TextureFormatDXT (145)
[2018.08.21-02.33.30:509][216]LogModuleManager: Shutting down and abandoning module TextureFormatIntelISPCTexComp (143)
[2018.08.21-02.33.30:510][216]LogModuleManager: Shutting down and abandoning module TextureFormatASTC (141)
[2018.08.21-02.33.30:510][216]LogModuleManager: Shutting down and abandoning module ImageWrapper (140)
[2018.08.21-02.33.30:510][216]LogModuleManager: Shutting down and abandoning module TextureFormatAndroid (137)
[2018.08.21-02.33.30:510][216]LogModuleManager: Shutting down and abandoning module AudioFormatOpus (135)
[2018.08.21-02.33.30:510][216]LogModuleManager: Shutting down and abandoning module AudioFormatOgg (133)
[2018.08.21-02.33.30:510][216]LogModuleManager: Shutting down and abandoning module AudioFormatADPCM (131)
[2018.08.21-02.33.30:510][216]LogModuleManager: Shutting down and abandoning module LuminTargetPlatform (129)
[2018.08.21-02.33.30:510][216]LogModuleManager: Shutting down and abandoning module LinuxTargetPlatform (127)
[2018.08.21-02.33.30:510][216]LogModuleManager: Shutting down and abandoning module LinuxServerTargetPlatform (125)
[2018.08.21-02.33.30:510][216]LogModuleManager: Shutting down and abandoning module LinuxNoEditorTargetPlatform (123)
[2018.08.21-02.33.30:522][216]LogModuleManager: Shutting down and abandoning module LinuxClientTargetPlatform (121)
[2018.08.21-02.33.30:530][216]LogModuleManager: Shutting down and abandoning module TVOSTargetPlatform (119)
[2018.08.21-02.33.30:531][216]LogModuleManager: Shutting down and abandoning module Messaging (117)
[2018.08.21-02.33.30:531][216]LogModuleManager: Shutting down and abandoning module IOSTargetPlatform (115)
[2018.08.21-02.33.30:532][216]LogModuleManager: Shutting down and abandoning module HTML5TargetPlatform (113)
[2018.08.21-02.33.30:532][216]LogModuleManager: Shutting down and abandoning module AndroidTargetPlatform (111)
[2018.08.21-02.33.30:550][216]LogModuleManager: Shutting down and abandoning module WindowsTargetPlatform (109)
[2018.08.21-02.33.30:550][216]LogModuleManager: Shutting down and abandoning module WindowsServerTargetPlatform (107)
[2018.08.21-02.33.30:550][216]LogModuleManager: Shutting down and abandoning module WindowsNoEditorTargetPlatform (105)
[2018.08.21-02.33.30:550][216]LogModuleManager: Shutting down and abandoning module WindowsClientTargetPlatform (103)
[2018.08.21-02.33.30:550][216]LogModuleManager: Shutting down and abandoning module MacTargetPlatform (101)
[2018.08.21-02.33.30:550][216]LogModuleManager: Shutting down and abandoning module MacServerTargetPlatform (99)
[2018.08.21-02.33.30:550][216]LogModuleManager: Shutting down and abandoning module MacNoEditorTargetPlatform (97)
[2018.08.21-02.33.30:551][216]LogModuleManager: Shutting down and abandoning module MacClientTargetPlatform (95)
[2018.08.21-02.33.30:551][216]LogModuleManager: Shutting down and abandoning module AllDesktopTargetPlatform (93)
[2018.08.21-02.33.30:551][216]LogModuleManager: Shutting down and abandoning module InputCore (90)
[2018.08.21-02.33.30:551][216]LogModuleManager: Shutting down and abandoning module Settings (88)
[2018.08.21-02.33.30:551][216]LogModuleManager: Shutting down and abandoning module PhysXCooking (86)
[2018.08.21-02.33.30:551][216]LogModuleManager: Shutting down and abandoning module SteamVR (84)
[2018.08.21-02.33.30:551][216]LogModuleManager: Shutting down and abandoning module OculusHMD (82)
[2018.08.21-02.33.30:559][216]LogModuleManager: Shutting down and abandoning module ExampleDeviceProfileSelector (80)
[2018.08.21-02.33.30:559][216]LogModuleManager: Shutting down and abandoning module LauncherChunkInstaller (78)
[2018.08.21-02.33.30:559][216]LogModuleManager: Shutting down and abandoning module OnlineBlueprintSupport (76)
[2018.08.21-02.33.30:559][216]LogModuleManager: Shutting down and abandoning module OnlineSubsystem (72)
[2018.08.21-02.33.30:596][216]LogModuleManager: Shutting down and abandoning module XMPP (65)
[2018.08.21-02.33.30:610][216]LogModuleManager: Shutting down and abandoning module WebSockets (64)
[2018.08.21-02.33.30:656][216]LogModuleManager: Shutting down and abandoning module HTTP (61)
[2018.08.21-02.33.30:661][216]LogHttp: Display: Http module shutting down, but needs to wait on 1 outstanding Http requests:
[2018.08.21-02.33.30:661][216]LogHttp: Display: 	verb=[POST] url=[https://datarouter.ol.epicgames.com/datarouter/api/v1/public/data?SessionID=%7B4A235B1A-4E54-AFC9-9832-25AF35B70A8B%7D&AppID=UEEditor.Rocket.Release&AppVersion=4.20.1-4233996%2B%2B%2BUE4%2BRelease-4.20&UserID=0ff4037545a3c0d12d4288a73e81328f%7C8b7339b9e58441d5a6fe68e208bb9b10%7C004dee9d-be2f-4b38-a539-bd9b94001a8d&AppEnvironment=datacollector-binary&UploadType=eteventstream] status=Processing
[2018.08.21-02.33.30:702][216]LogModuleManager: Shutting down and abandoning module SSL (60)
[2018.08.21-02.33.30:715][216]LogModuleManager: Shutting down and abandoning module MagicLeapEmulator (56)
[2018.08.21-02.33.30:715][216]LogModuleManager: Shutting down and abandoning module MagicLeapPrivileges (54)
[2018.08.21-02.33.30:715][216]LogModuleManager: Shutting down and abandoning module MagicLeapIdentity (52)
[2018.08.21-02.33.30:715][216]LogModuleManager: Shutting down and abandoning module MagicLeapHelperVulkan (50)
[2018.08.21-02.33.30:715][216]LogModuleManager: Shutting down and abandoning module MagicLeapHelperOpenGL (48)
[2018.08.21-02.33.30:715][216]LogModuleManager: Shutting down and abandoning module MagicLeapSecureStorage (46)
[2018.08.21-02.33.30:715][216]LogModuleManager: Shutting down and abandoning module MagicLeapGestures (44)
[2018.08.21-02.33.30:715][216]LogModuleManager: Shutting down and abandoning module MagicLeapEyeTracker (42)
[2018.08.21-02.33.30:715][216]LogModuleManager: Shutting down and abandoning module MagicLeapController (40)
[2018.08.21-02.33.30:716][216]LogSlate: Slate User Destroyed.  User Index 0, Is Virtual User: 0
[2018.08.21-02.33.30:716][216]LogModuleManager: Shutting down and abandoning module MagicLeap (38)
[2018.08.21-02.33.30:716][216]LogModuleManager: Shutting down and abandoning module AnimationModifiers (36)
[2018.08.21-02.33.30:734][216]LogModuleManager: Shutting down and abandoning module PropertyEditor (35)
[2018.08.21-02.33.30:773][216]LogModuleManager: Shutting down and abandoning module AudioEditor (32)
[2018.08.21-02.33.30:812][216]LogModuleManager: Shutting down and abandoning module TextureCompressor (30)
[2018.08.21-02.33.30:823][216]LogModuleManager: Shutting down and abandoning module ShaderCore (28)
[2018.08.21-02.33.30:823][216]LogModuleManager: Shutting down and abandoning module Landscape (26)
[2018.08.21-02.33.30:823][216]LogModuleManager: Shutting down and abandoning module SlateRHIRenderer (24)
[2018.08.21-02.33.30:834][216]LogModuleManager: Shutting down and abandoning module OpenGLDrv (22)
[2018.08.21-02.33.30:844][216]LogModuleManager: Shutting down and abandoning module D3D11RHI (20)
[2018.08.21-02.33.30:844][216]LogModuleManager: Shutting down and abandoning module AnimGraphRuntime (18)
[2018.08.21-02.33.30:856][216]LogModuleManager: Shutting down and abandoning module Renderer (16)
[2018.08.21-02.33.30:856][216]LogModuleManager: Shutting down and abandoning module Engine (14)
[2018.08.21-02.33.30:856][216]LogModuleManager: Shutting down and abandoning module CoreUObject (12)
[2018.08.21-02.33.30:862][216]LogModuleManager: Shutting down and abandoning module NetworkFile (10)
[2018.08.21-02.33.30:876][216]LogModuleManager: Shutting down and abandoning module CookedIterativeFile (8)
[2018.08.21-02.33.30:876][216]LogModuleManager: Shutting down and abandoning module StreamingFile (6)
[2018.08.21-02.33.30:885][216]LogModuleManager: Shutting down and abandoning module SandboxFile (4)
[2018.08.21-02.33.30:885][216]LogModuleManager: Shutting down and abandoning module PakFile (2)
[2018.08.21-02.33.30:921][216]LogExit: Exiting.
[2018.08.21-02.33.30:954][216]Log file closed, 08/20/18 22:33:30
